In file included from C:\Users\marce\Documents\GitHub\ILI9341_MSP430FR2433_DriverLib_Example\LcdIf\LcdIf.c:9:
C:\Users\marce\Documents\GitHub\ILI9341_MSP430FR2433_DriverLib_Example\LcdIf\LcdIf_data.h:26:1: warning: missing braces around initializer [-Wmissing-braces]
   26 | {
      | ^
   27 |  0xFF,0xFF,0xFF,0xFF,0xFF,// ASCII 00: all pixel
      |  {                       }
   28 |  0x00,0x00,0x00,0x00,0x00,// ASCII 01: reserved
      |  {                       }
   29 |  0x00,0x00,0x00,0x00,0x00,// ASCII 02: reserved
      |  {                       }
   30 |  0x00,0x00,0x00,0x00,0x00,// ASCII 03: reserved
      |  {                       }
   31 |  0x00,0x00,0x00,0x00,0x00,// ASCII 04: reserved
      |  {                       }
   32 |  0x00,0x00,0x00,0x00,0x00,// ASCII 05: reserved
      |  {                       }
   33 |  0x00,0x00,0x00,0x00,0x00,// ASCII 06: reserved
      |  {                       }
   34 |  0x00,0x00,0x00,0x00,0x00,// ASCII 07: reserved
      |  {                       }
   35 |  0x00,0x00,0x00,0x00,0x00,// ASCII 08: reserved
      |  {                       }
   36 |  0x00,0x00,0x00,0x00,0x00,// ASCII 09: reserved
      |  {                       }
   37 |  0x00,0x00,0x00,0x00,0x00,// ASCII 0a: reserved
      |  {                       }
   38 |  0x00,0x00,0x00,0x00,0x00,// ASCII 0b: reserved
      |  {                       }
   39 |  0x00,0x00,0x00,0x00,0x00,// ASCII 0c: reserved
      |  {                       }
   40 |  0x00,0x00,0x00,0x00,0x00,// ASCII 0d: reserved
      |  {                       }
   41 |  0x00,0x00,0x00,0x00,0x00,// ASCII 0e: reserved
      |  {                       }
   42 |  0x00,0x00,0x00,0x00,0x00,// ASCII 0f: reserved
      |  {                       }
   43 |  0x00,0x00,0x00,0x00,0x00,// ASCII 10: reserved
      |  {                       }
   44 |  0x00,0x00,0x00,0x00,0x00,// ASCII 11: reserved
      |  {                       }
   45 |  0x00,0x00,0x00,0x00,0x00,// ASCII 12: reserved
      |  {                       }
   46 |  0x00,0x00,0x00,0x00,0x00,// ASCII 13: reserved
      |  {                       }
   47 |  0x00,0x00,0x00,0x00,0x00,// ASCII 14: reserved
      |  {                       }
   48 |  0x00,0x00,0x00,0x00,0x00,// ASCII 15: reserved
      |  {                       }
   49 |  0x00,0x00,0x00,0x00,0x00,// ASCII 16: reserved
      |  {                       }
   50 |  0x00,0x00,0x00,0x00,0x00,// ASCII 17: reserved
      |  {                       }
   51 |  0x00,0x00,0x00,0x00,0x00,// ASCII 18: reserved
      |  {                       }
   52 |  0x00,0x00,0x00,0x00,0x00,// ASCII 19: reserved
      |  {                       }
   53 |  0x00,0x00,0x00,0x00,0x00,// ASCII 1a: reserved
      |  {                       }
   54 |  0x00,0x00,0x00,0x00,0x00,// ASCII 1b: reserved
      |  {                       }
   55 |  0x00,0x00,0x00,0x00,0x00,// ASCII 1c: reserved
      |  {                       }
   56 |  0x00,0x00,0x00,0x00,0x00,// ASCII 1d: reserved
      |  {                       }
   57 |  0x00,0x00,0x00,0x00,0x00,// ASCII 1e: reserved
      |  {                       }
   58 |  0x00,0x00,0x00,0x00,0x00,// ASCII 1f: reserved
      |  {                       }
   59 |  0x00,0x00,0x00,0x00,0x00,// ASCII 20: SP (Space)
      |  {                       }
   60 |  0x00,0x00,0x5f,0x00,0x00,// ASCII 21: !
      |  {                       }
   61 |  0x00,0x07,0x00,0x07,0x00,// ASCII 22: "
      |  {                       }
   62 |  0x14,0x7f,0x14,0x7f,0x14,// ASCII 23: #
      |  {                       }
   63 |  0x24,0x2a,0x7f,0x2a,0x12,// ASCII 24: $
      |  {                       }
   64 |  0x23,0x13,0x08,0x64,0x62,// ASCII 25: %
      |  {                       }
   65 |  0x36,0x49,0x55,0x22,0x50,// ASCII 26: &
      |  {                       }
   66 |  0x00,0x05,0x03,0x00,0x00,// ASCII 27: '
      |  {                       }
   67 |  0x00,0x1c,0x22,0x41,0x00,// ASCII 28: (
      |  {                       }
   68 |  0x00,0x41,0x22,0x1c,0x00,// ASCII 29: )
      |  {                       }
   69 |  0x14,0x08,0x3e,0x08,0x14,// ASCII 2a: *
      |  {                       }
   70 |  0x08,0x08,0x3e,0x08,0x08,// ASCII 2b: +
      |  {                       }
   71 |  0x00,0x50,0x30,0x00,0x00,// ASCII 2c: ,
      |  {                       }
   72 |  0x08,0x08,0x08,0x08,0x08,// ASCII 2d: -
      |  {                       }
   73 |  0x00,0x60,0x60,0x00,0x00,// ASCII 2e: .
      |  {                       }
   74 |  0x20,0x10,0x08,0x04,0x02,// ASCII 2f: '/'
      |  {                       }
   75 |  0x3e,0x51,0x49,0x45,0x3e,// ASCII 30: 0
      |  {                       }
   76 |  0x00,0x42,0x7f,0x40,0x00,// ASCII 31: 1
      |  {                       }
   77 |  0x42,0x61,0x51,0x49,0x46,// ASCII 32: 2
      |  {                       }
   78 |  0x21,0x41,0x45,0x4b,0x31,// ASCII 33: 3
      |  {                       }
   79 |  0x18,0x14,0x12,0x7f,0x10,// ASCII 34: 4
      |  {                       }
   80 |  0x27,0x45,0x45,0x45,0x39,// ASCII 35: 5
      |  {                       }
   81 |  0x3c,0x4a,0x49,0x49,0x30,// ASCII 36: 6
      |  {                       }
   82 |  0x01,0x71,0x09,0x05,0x03,// ASCII 37: 7
      |  {                       }
   83 |  0x36,0x49,0x49,0x49,0x36,// ASCII 38: 8
      |  {                       }
   84 |  0x06,0x49,0x49,0x29,0x1e,// ASCII 39: 9
      |  {                       }
   85 |  0x00,0x36,0x36,0x00,0x00,// ASCII 3a: :
      |  {                       }
   86 |  0x00,0x56,0x36,0x00,0x00,// ASCII 3b: ;
      |  {                       }
   87 |  0x08,0x14,0x22,0x41,0x00,// ASCII 3c: <
      |  {                       }
   88 |  0x14,0x14,0x14,0x14,0x14,// ASCII 3d: =
      |  {                       }
   89 |  0x00,0x41,0x22,0x14,0x08,// ASCII 3e: >
      |  {                       }
   90 |  0x02,0x01,0x51,0x09,0x06,// ASCII 3f: ?
      |  {                       }
   91 |  0x32,0x49,0x79,0x41,0x3e,// ASCII 40: @
      |  {                       }
   92 |  0x7e,0x11,0x11,0x11,0x7e,// ASCII 41: A
      |  {                       }
   93 |  0x7f,0x49,0x49,0x49,0x36,// ASCII 42: B
      |  {                       }
   94 |  0x3e,0x41,0x41,0x41,0x22,// ASCII 43: C
      |  {                       }
   95 |  0x7f,0x41,0x41,0x22,0x1c,// ASCII 44: D
      |  {                       }
   96 |  0x7f,0x49,0x49,0x49,0x41,// ASCII 45: E
      |  {                       }
   97 |  0x7f,0x09,0x09,0x09,0x01,// ASCII 46: F
      |  {                       }
   98 |  0x3e,0x41,0x49,0x49,0x7a,// ASCII 47: G
      |  {                       }
   99 |  0x7f,0x08,0x08,0x08,0x7f,// ASCII 48: H
      |  {                       }
  100 |  0x00,0x41,0x7f,0x41,0x00,// ASCII 49: I
      |  {                       }
  101 |  0x20,0x40,0x41,0x3f,0x01,// ASCII 4a: J
      |  {                       }
  102 |  0x7f,0x08,0x14,0x22,0x41,// ASCII 4b: K
      |  {                       }
  103 |  0x7f,0x40,0x40,0x40,0x40,// ASCII 4c: L
      |  {                       }
  104 |  0x7f,0x02,0x0c,0x02,0x7f,// ASCII 4d: M
      |  {                       }
  105 |  0x7f,0x04,0x08,0x10,0x7f,// ASCII 4e: N
      |  {                       }
  106 |  0x3e,0x41,0x41,0x41,0x3e,// ASCII 4f: O
      |  {                       }
  107 |  0x7f,0x09,0x09,0x09,0x06,// ASCII 50: P
      |  {                       }
  108 |  0x3e,0x41,0x51,0x21,0x5e,// ASCII 51: Q
      |  {                       }
  109 |  0x7f,0x09,0x19,0x29,0x46,// ASCII 52: R
      |  {                       }
  110 |  0x46,0x49,0x49,0x49,0x31,// ASCII 53: S
      |  {                       }
  111 |  0x01,0x01,0x7f,0x01,0x01,// ASCII 54: T
      |  {                       }
  112 |  0x3f,0x40,0x40,0x40,0x3f,// ASCII 55: U
      |  {                       }
  113 |  0x1f,0x20,0x40,0x20,0x1f,// ASCII 56: V
      |  {                       }
  114 |  0x3f,0x40,0x38,0x40,0x3f,// ASCII 57: W
      |  {                       }
  115 |  0x63,0x14,0x08,0x14,0x63,// ASCII 58: X
      |  {                       }
  116 |  0x07,0x08,0x70,0x08,0x07,// ASCII 59: Y
      |  {                       }
  117 |  0x61,0x51,0x49,0x45,0x43,// ASCII 5a: Z
      |  {                       }
  118 |  0x00,0x7f,0x41,0x41,0x00,// ASCII 5b: [
      |  {                       }
  119 |  0x02,0x04,0x08,0x10,0x20,// ASCII 5c: '\'
      |  {                       }
  120 |  0x00,0x41,0x41,0x7f,0x00,// ASCII 5d: ]
      |  {                       }
  121 |  0x04,0x02,0x01,0x02,0x04,// ASCII 5e: ^
      |  {                       }
  122 |  0x40,0x40,0x40,0x40,0x40,// ASCII 5f: _
      |  {                       }
  123 |  0x00,0x01,0x02,0x04,0x00,// ASCII 60: `
      |  {                       }
  124 |  0x20,0x54,0x54,0x54,0x78,// ASCII 61: a
      |  {                       }
  125 |  0x7f,0x48,0x44,0x44,0x38,// ASCII 62: b
      |  {                       }
  126 |  0x38,0x44,0x44,0x44,0x20,// ASCII 63: c
      |  {                       }
  127 |  0x38,0x44,0x44,0x48,0x7f,// ASCII 64: d
      |  {                       }
  128 |  0x38,0x54,0x54,0x54,0x18,// ASCII 65: e
      |  {                       }
  129 |  0x08,0x7e,0x09,0x01,0x02,// ASCII 66: f
      |  {                       }
  130 |  0x0c,0x52,0x52,0x52,0x3e,// ASCII 67: g
      |  {                       }
  131 |  0x7f,0x08,0x04,0x04,0x78,// ASCII 68: h
      |  {                       }
  132 |  0x00,0x44,0x7d,0x40,0x00,// ASCII 69: i
      |  {                       }
  133 |  0x20,0x40,0x44,0x3d,0x00,// ASCII 6a: j
      |  {                       }
  134 |  0x7f,0x10,0x28,0x44,0x00,// ASCII 6b: k
      |  {                       }
  135 |  0x00,0x41,0x7f,0x40,0x00,// ASCII 6c: l
      |  {                       }
  136 |  0x7c,0x04,0x18,0x04,0x78,// ASCII 6d: m
      |  {                       }
  137 |  0x7c,0x08,0x04,0x04,0x78,// ASCII 6e: n
      |  {                       }
  138 |  0x38,0x44,0x44,0x44,0x38,// ASCII 6f: o
      |  {                       }
  139 |  0x7c,0x14,0x14,0x14,0x08,// ASCII 70: p
      |  {                       }
  140 |  0x08,0x14,0x14,0x18,0x7c,// ASCII 71: q
      |  {                       }
  141 |  0x7c,0x08,0x04,0x04,0x08,// ASCII 72: r
      |  {                       }
  142 |  0x48,0x54,0x54,0x54,0x20,// ASCII 73: s
      |  {                       }
  143 |  0x04,0x3f,0x44,0x40,0x20,// ASCII 74: t
      |  {                       }
  144 |  0x3c,0x40,0x40,0x20,0x7c,// ASCII 75: u
      |  {                       }
  145 |  0x1c,0x20,0x40,0x20,0x1c,// ASCII 76: v
      |  {                       }
  146 |  0x3c,0x40,0x30,0x40,0x3c,// ASCII 77: w
      |  {                       }
  147 |  0x44,0x28,0x10,0x28,0x44,// ASCII 78: x
      |  {                       }
  148 |  0x0c,0x50,0x50,0x50,0x3c,// ASCII 79: y
      |  {                       }
  149 |  0x44,0x64,0x54,0x4c,0x44,// ASCII 7a: z
      |  {                       }
  150 |  0x00,0x08,0x36,0x41,0x00,// ASCII 7b: {
      |  {                       }
  151 |  0x00,0x00,0x7f,0x00,0x00,// ASCII 7c: |
      |  {                       }
  152 |  0x00,0x41,0x36,0x08,0x00,// ASCII 7d: }
      |  {                       }
  153 |  0x10,0x08,0x08,0x10,0x08,// ASCII 7e: ->
      |  {                       }
  154 |  0x78,0x46,0x41,0x46,0x78 // ASCII 7f: <-
      |  {
  155 | };
      | }
C:\Users\marce\Documents\GitHub\ILI9341_MSP430FR2433_DriverLib_Example\LcdIf\LcdIf.c: In function 'LcdIf_DrawStr':
C:\Users\marce\Documents\GitHub\ILI9341_MSP430FR2433_DriverLib_Example\LcdIf\LcdIf.c:429:13: warning: value computed is not used [-Wunused-value]
  429 |             *ptrStr++;
      |             ^~~~~~~~~
